{"/Users/clareblackburne/Desktop/ui-coding-challenge-master/client/src/components/App.js": {"path":"/Users/clareblackburne/Desktop/ui-coding-challenge-master/client/src/components/App.js","statementMap":{"0":{"start":{"line":7,"column":19},"end":{"line":17,"column":1}},"1":{"start":{"line":19,"column":22},"end":{"line":19,"column":27}},"2":{"start":{"line":22,"column":2},"end":{"line":31,"column":4}}},"fnMap":{"0":{"name":"App","decl":{"start":{"line":21,"column":9},"end":{"line":21,"column":12}},"loc":{"start":{"line":21,"column":15},"end":{"line":32,"column":1}},"line":21}},"branchMap":{},"s":{"0":1,"1":1,"2":1},"f":{"0":1},"b":{},"_coverageSchema":"1a1c01bbd47fc00a2c39e90264f33305004495a9","hash":"f9a6e4f38d9d8d98c4919adc1bc3b8cd447326a7"}
,"/Users/clareblackburne/Desktop/ui-coding-challenge-master/client/src/components/DataContext.js": {"path":"/Users/clareblackburne/Desktop/ui-coding-challenge-master/client/src/components/DataContext.js","statementMap":{"0":{"start":{"line":3,"column":20},"end":{"line":3,"column":41}}},"fnMap":{},"branchMap":{},"s":{"0":2},"f":{},"b":{},"_coverageSchema":"1a1c01bbd47fc00a2c39e90264f33305004495a9","hash":"668601dfc5d378ed7fc32d0cd081d1c54f36cac6"}
,"/Users/clareblackburne/Desktop/ui-coding-challenge-master/client/src/components/Form.js": {"path":"/Users/clareblackburne/Desktop/ui-coding-challenge-master/client/src/components/Form.js","statementMap":{"0":{"start":{"line":7,"column":21},"end":{"line":7,"column":22}},"1":{"start":{"line":10,"column":30},"end":{"line":10,"column":41}},"2":{"start":{"line":11,"column":54},"end":{"line":11,"column":66}},"3":{"start":{"line":12,"column":28},"end":{"line":12,"column":40}},"4":{"start":{"line":13,"column":27},"end":{"line":13,"column":50}},"5":{"start":{"line":15,"column":23},"end":{"line":24,"column":3}},"6":{"start":{"line":16,"column":18},"end":{"line":16,"column":32}},"7":{"start":{"line":17,"column":4},"end":{"line":20,"column":5}},"8":{"start":{"line":18,"column":6},"end":{"line":18,"column":31}},"9":{"start":{"line":19,"column":6},"end":{"line":19,"column":18}},"10":{"start":{"line":21,"column":4},"end":{"line":21,"column":17}},"11":{"start":{"line":22,"column":4},"end":{"line":22,"column":30}},"12":{"start":{"line":23,"column":4},"end":{"line":23,"column":16}},"13":{"start":{"line":26,"column":31},"end":{"line":37,"column":3}},"14":{"start":{"line":27,"column":4},"end":{"line":27,"column":17}},"15":{"start":{"line":28,"column":21},"end":{"line":28,"column":34}},"16":{"start":{"line":29,"column":4},"end":{"line":35,"column":5}},"17":{"start":{"line":30,"column":6},"end":{"line":32,"column":8}},"18":{"start":{"line":31,"column":44},"end":{"line":31,"column":61}},"19":{"start":{"line":34,"column":6},"end":{"line":34,"column":65}},"20":{"start":{"line":36,"column":4},"end":{"line":36,"column":16}},"21":{"start":{"line":39,"column":23},"end":{"line":48,"column":3}},"22":{"start":{"line":40,"column":4},"end":{"line":40,"column":23}},"23":{"start":{"line":41,"column":4},"end":{"line":45,"column":5}},"24":{"start":{"line":42,"column":6},"end":{"line":42,"column":62}},"25":{"start":{"line":43,"column":6},"end":{"line":43,"column":32}},"26":{"start":{"line":44,"column":6},"end":{"line":44,"column":18}},"27":{"start":{"line":46,"column":4},"end":{"line":46,"column":57}},"28":{"start":{"line":47,"column":4},"end":{"line":47,"column":16}},"29":{"start":{"line":50,"column":22},"end":{"line":79,"column":3}},"30":{"start":{"line":51,"column":4},"end":{"line":78,"column":7}},"31":{"start":{"line":52,"column":6},"end":{"line":77,"column":11}},"32":{"start":{"line":80,"column":2},"end":{"line":111,"column":4}},"33":{"start":{"line":114,"column":0},"end":{"line":116,"column":2}},"34":{"start":{"line":118,"column":0},"end":{"line":121,"column":2}}},"fnMap":{"0":{"name":"Form","decl":{"start":{"line":9,"column":9},"end":{"line":9,"column":13}},"loc":{"start":{"line":9,"column":51},"end":{"line":112,"column":1}},"line":9},"1":{"name":"(anonymous_1)","decl":{"start":{"line":15,"column":23},"end":{"line":15,"column":24}},"loc":{"start":{"line":15,"column":30},"end":{"line":24,"column":3}},"line":15},"2":{"name":"(anonymous_2)","decl":{"start":{"line":26,"column":31},"end":{"line":26,"column":32}},"loc":{"start":{"line":26,"column":38},"end":{"line":37,"column":3}},"line":26},"3":{"name":"(anonymous_3)","decl":{"start":{"line":31,"column":34},"end":{"line":31,"column":35}},"loc":{"start":{"line":31,"column":44},"end":{"line":31,"column":61}},"line":31},"4":{"name":"(anonymous_4)","decl":{"start":{"line":39,"column":23},"end":{"line":39,"column":24}},"loc":{"start":{"line":39,"column":30},"end":{"line":48,"column":3}},"line":39},"5":{"name":"(anonymous_5)","decl":{"start":{"line":50,"column":22},"end":{"line":50,"column":23}},"loc":{"start":{"line":50,"column":28},"end":{"line":79,"column":3}},"line":50},"6":{"name":"(anonymous_6)","decl":{"start":{"line":51,"column":21},"end":{"line":51,"column":22}},"loc":{"start":{"line":52,"column":6},"end":{"line":77,"column":11}},"line":52}},"branchMap":{"0":{"loc":{"start":{"line":17,"column":4},"end":{"line":20,"column":5}},"type":"if","locations":[{"start":{"line":17,"column":4},"end":{"line":20,"column":5}},{"start":{"line":17,"column":4},"end":{"line":20,"column":5}}],"line":17},"1":{"loc":{"start":{"line":29,"column":4},"end":{"line":35,"column":5}},"type":"if","locations":[{"start":{"line":29,"column":4},"end":{"line":35,"column":5}},{"start":{"line":29,"column":4},"end":{"line":35,"column":5}}],"line":29},"2":{"loc":{"start":{"line":41,"column":4},"end":{"line":45,"column":5}},"type":"if","locations":[{"start":{"line":41,"column":4},"end":{"line":45,"column":5}},{"start":{"line":41,"column":4},"end":{"line":45,"column":5}}],"line":41},"3":{"loc":{"start":{"line":56,"column":27},"end":{"line":58,"column":16}},"type":"cond-expr","locations":[{"start":{"line":57,"column":14},"end":{"line":57,"column":23}},{"start":{"line":58,"column":14},"end":{"line":58,"column":16}}],"line":56},"4":{"loc":{"start":{"line":82,"column":7},"end":{"line":82,"column":37}},"type":"binary-expr","locations":[{"start":{"line":82,"column":7},"end":{"line":82,"column":12}},{"start":{"line":82,"column":16},"end":{"line":82,"column":37}}],"line":82}},"s":{"0":2,"1":6,"2":6,"3":6,"4":6,"5":6,"6":0,"7":0,"8":0,"9":0,"10":0,"11":0,"12":0,"13":6,"14":2,"15":2,"16":2,"17":1,"18":1,"19":1,"20":2,"21":6,"22":1,"23":1,"24":1,"25":1,"26":1,"27":0,"28":0,"29":6,"30":6,"31":12,"32":6,"33":2,"34":2},"f":{"0":6,"1":0,"2":2,"3":1,"4":1,"5":6,"6":12},"b":{"0":[0,0],"1":[1,1],"2":[1,0],"3":[1,11],"4":[6,1]},"_coverageSchema":"1a1c01bbd47fc00a2c39e90264f33305004495a9","hash":"8ca27d5bdfa706d9893b1acc805f69f0df27a11d"}
,"/Users/clareblackburne/Desktop/ui-coding-challenge-master/client/src/components/RateHistory.js": {"path":"/Users/clareblackburne/Desktop/ui-coding-challenge-master/client/src/components/RateHistory.js","statementMap":{"0":{"start":{"line":8,"column":27},"end":{"line":8,"column":50}},"1":{"start":{"line":10,"column":20},"end":{"line":13,"column":3}},"2":{"start":{"line":11,"column":4},"end":{"line":11,"column":12}},"3":{"start":{"line":12,"column":4},"end":{"line":12,"column":16}},"4":{"start":{"line":15,"column":21},"end":{"line":29,"column":3}},"5":{"start":{"line":16,"column":4},"end":{"line":27,"column":5}},"6":{"start":{"line":17,"column":6},"end":{"line":26,"column":9}},"7":{"start":{"line":18,"column":8},"end":{"line":25,"column":10}},"8":{"start":{"line":22,"column":14},"end":{"line":22,"column":70}},"9":{"start":{"line":28,"column":4},"end":{"line":28,"column":16}},"10":{"start":{"line":31,"column":24},"end":{"line":40,"column":3}},"11":{"start":{"line":32,"column":4},"end":{"line":38,"column":5}},"12":{"start":{"line":33,"column":6},"end":{"line":37,"column":9}},"13":{"start":{"line":34,"column":8},"end":{"line":36,"column":13}},"14":{"start":{"line":39,"column":4},"end":{"line":39,"column":16}},"15":{"start":{"line":42,"column":22},"end":{"line":46,"column":3}},"16":{"start":{"line":43,"column":4},"end":{"line":45,"column":8}},"17":{"start":{"line":48,"column":2},"end":{"line":72,"column":4}},"18":{"start":{"line":75,"column":0},"end":{"line":78,"column":2}},"19":{"start":{"line":80,"column":0},"end":{"line":85,"column":2}}},"fnMap":{"0":{"name":"RateHistory","decl":{"start":{"line":7,"column":9},"end":{"line":7,"column":20}},"loc":{"start":{"line":7,"column":77},"end":{"line":73,"column":1}},"line":7},"1":{"name":"(anonymous_1)","decl":{"start":{"line":10,"column":20},"end":{"line":10,"column":21}},"loc":{"start":{"line":10,"column":26},"end":{"line":13,"column":3}},"line":10},"2":{"name":"(anonymous_2)","decl":{"start":{"line":15,"column":21},"end":{"line":15,"column":22}},"loc":{"start":{"line":15,"column":27},"end":{"line":29,"column":3}},"line":15},"3":{"name":"(anonymous_3)","decl":{"start":{"line":17,"column":29},"end":{"line":17,"column":30}},"loc":{"start":{"line":17,"column":50},"end":{"line":26,"column":7}},"line":17},"4":{"name":"(anonymous_4)","decl":{"start":{"line":21,"column":38},"end":{"line":21,"column":39}},"loc":{"start":{"line":22,"column":14},"end":{"line":22,"column":70}},"line":22},"5":{"name":"(anonymous_5)","decl":{"start":{"line":31,"column":24},"end":{"line":31,"column":25}},"loc":{"start":{"line":31,"column":30},"end":{"line":40,"column":3}},"line":31},"6":{"name":"(anonymous_6)","decl":{"start":{"line":33,"column":51},"end":{"line":33,"column":52}},"loc":{"start":{"line":34,"column":8},"end":{"line":36,"column":13}},"line":34},"7":{"name":"(anonymous_7)","decl":{"start":{"line":42,"column":22},"end":{"line":42,"column":23}},"loc":{"start":{"line":42,"column":28},"end":{"line":46,"column":3}},"line":42}},"branchMap":{"0":{"loc":{"start":{"line":16,"column":4},"end":{"line":27,"column":5}},"type":"if","locations":[{"start":{"line":16,"column":4},"end":{"line":27,"column":5}},{"start":{"line":16,"column":4},"end":{"line":27,"column":5}}],"line":16},"1":{"loc":{"start":{"line":32,"column":4},"end":{"line":38,"column":5}},"type":"if","locations":[{"start":{"line":32,"column":4},"end":{"line":38,"column":5}},{"start":{"line":32,"column":4},"end":{"line":38,"column":5}}],"line":32},"2":{"loc":{"start":{"line":66,"column":7},"end":{"line":70,"column":7}},"type":"binary-expr","locations":[{"start":{"line":66,"column":7},"end":{"line":66,"column":29}},{"start":{"line":67,"column":8},"end":{"line":69,"column":17}}],"line":66}},"s":{"0":0,"1":0,"2":0,"3":0,"4":0,"5":0,"6":0,"7":0,"8":0,"9":0,"10":0,"11":0,"12":0,"13":0,"14":0,"15":0,"16":0,"17":0,"18":1,"19":1},"f":{"0":0,"1":0,"2":0,"3":0,"4":0,"5":0,"6":0,"7":0},"b":{"0":[0,0],"1":[0,0],"2":[0,0]},"_coverageSchema":"1a1c01bbd47fc00a2c39e90264f33305004495a9","hash":"8f425162df3f4d5132cb9603c97c783d52bfb423"}
,"/Users/clareblackburne/Desktop/ui-coding-challenge-master/client/src/components/layout/Error.js": {"path":"/Users/clareblackburne/Desktop/ui-coding-challenge-master/client/src/components/layout/Error.js","statementMap":{"0":{"start":{"line":5,"column":2},"end":{"line":13,"column":4}},"1":{"start":{"line":16,"column":0},"end":{"line":18,"column":2}}},"fnMap":{"0":{"name":"ErrorMsg","decl":{"start":{"line":4,"column":9},"end":{"line":4,"column":17}},"loc":{"start":{"line":4,"column":27},"end":{"line":14,"column":1}},"line":4}},"branchMap":{},"s":{"0":1,"1":2},"f":{"0":1},"b":{},"_coverageSchema":"1a1c01bbd47fc00a2c39e90264f33305004495a9","hash":"b3e7c4e44f6acb993faffa00d177edbcd17608fa"}
,"/Users/clareblackburne/Desktop/ui-coding-challenge-master/client/src/components/layout/Footer.js": {"path":"/Users/clareblackburne/Desktop/ui-coding-challenge-master/client/src/components/layout/Footer.js","statementMap":{"0":{"start":{"line":4,"column":2},"end":{"line":8,"column":4}}},"fnMap":{"0":{"name":"Footer","decl":{"start":{"line":3,"column":9},"end":{"line":3,"column":15}},"loc":{"start":{"line":3,"column":18},"end":{"line":9,"column":1}},"line":3}},"branchMap":{},"s":{"0":1},"f":{"0":1},"b":{},"_coverageSchema":"1a1c01bbd47fc00a2c39e90264f33305004495a9","hash":"de9d9d2c8dfdb04ff92ef5ed50a9d6720bc7cfeb"}
,"/Users/clareblackburne/Desktop/ui-coding-challenge-master/client/src/components/layout/Header.js": {"path":"/Users/clareblackburne/Desktop/ui-coding-challenge-master/client/src/components/layout/Header.js","statementMap":{"0":{"start":{"line":4,"column":2},"end":{"line":8,"column":4}}},"fnMap":{"0":{"name":"Header","decl":{"start":{"line":3,"column":9},"end":{"line":3,"column":15}},"loc":{"start":{"line":3,"column":18},"end":{"line":9,"column":1}},"line":3}},"branchMap":{},"s":{"0":1},"f":{"0":1},"b":{},"_coverageSchema":"1a1c01bbd47fc00a2c39e90264f33305004495a9","hash":"c867e175dc64950236dcc9e361afb26ce562fb69"}
,"/Users/clareblackburne/Desktop/ui-coding-challenge-master/client/src/components/layout/Loader.js": {"path":"/Users/clareblackburne/Desktop/ui-coding-challenge-master/client/src/components/layout/Loader.js","statementMap":{"0":{"start":{"line":5,"column":2},"end":{"line":15,"column":4}}},"fnMap":{"0":{"name":"Loader","decl":{"start":{"line":4,"column":9},"end":{"line":4,"column":15}},"loc":{"start":{"line":4,"column":18},"end":{"line":16,"column":1}},"line":4}},"branchMap":{},"s":{"0":1},"f":{"0":1},"b":{},"_coverageSchema":"1a1c01bbd47fc00a2c39e90264f33305004495a9","hash":"38b5621dd4564d232fdd70df2fd0ed57d3217c81"}
,"/Users/clareblackburne/Desktop/ui-coding-challenge-master/client/src/components/layout/Main.js": {"path":"/Users/clareblackburne/Desktop/ui-coding-challenge-master/client/src/components/layout/Main.js","statementMap":{"0":{"start":{"line":5,"column":2},"end":{"line":5,"column":60}},"1":{"start":{"line":8,"column":0},"end":{"line":13,"column":2}}},"fnMap":{"0":{"name":"Main","decl":{"start":{"line":4,"column":9},"end":{"line":4,"column":13}},"loc":{"start":{"line":4,"column":28},"end":{"line":6,"column":1}},"line":4}},"branchMap":{},"s":{"0":1,"1":1},"f":{"0":1},"b":{},"_coverageSchema":"1a1c01bbd47fc00a2c39e90264f33305004495a9","hash":"43027514c843ad6a635169a811301ffb045d9494"}
,"/Users/clareblackburne/Desktop/ui-coding-challenge-master/client/src/components/pages/FormPage.js": {"path":"/Users/clareblackburne/Desktop/ui-coding-challenge-master/client/src/components/pages/FormPage.js","statementMap":{"0":{"start":{"line":12,"column":30},"end":{"line":12,"column":42}},"1":{"start":{"line":13,"column":38},"end":{"line":13,"column":52}},"2":{"start":{"line":14,"column":34},"end":{"line":14,"column":46}},"3":{"start":{"line":15,"column":38},"end":{"line":15,"column":52}},"4":{"start":{"line":16,"column":54},"end":{"line":16,"column":66}},"5":{"start":{"line":17,"column":40},"end":{"line":17,"column":52}},"6":{"start":{"line":18,"column":38},"end":{"line":18,"column":49}},"7":{"start":{"line":20,"column":39},"end":{"line":20,"column":62}},"8":{"start":{"line":23,"column":4},"end":{"line":25,"column":21}},"9":{"start":{"line":27,"column":4},"end":{"line":29,"column":22}},"10":{"start":{"line":31,"column":29},"end":{"line":48,"column":3}},"11":{"start":{"line":32,"column":4},"end":{"line":46,"column":9}},"12":{"start":{"line":37,"column":12},"end":{"line":37,"column":20}},"13":{"start":{"line":38,"column":21},"end":{"line":38,"column":67}},"14":{"start":{"line":39,"column":8},"end":{"line":39,"column":24}},"15":{"start":{"line":42,"column":8},"end":{"line":42,"column":41}},"16":{"start":{"line":45,"column":8},"end":{"line":45,"column":29}},"17":{"start":{"line":47,"column":4},"end":{"line":47,"column":16}},"18":{"start":{"line":50,"column":29},"end":{"line":76,"column":3}},"19":{"start":{"line":51,"column":4},"end":{"line":74,"column":9}},"20":{"start":{"line":60,"column":29},"end":{"line":62,"column":10}},"21":{"start":{"line":61,"column":10},"end":{"line":61,"column":33}},"22":{"start":{"line":63,"column":8},"end":{"line":65,"column":9}},"23":{"start":{"line":64,"column":10},"end":{"line":64,"column":53}},"24":{"start":{"line":66,"column":8},"end":{"line":66,"column":37}},"25":{"start":{"line":67,"column":8},"end":{"line":67,"column":20}},"26":{"start":{"line":70,"column":8},"end":{"line":70,"column":27}},"27":{"start":{"line":73,"column":8},"end":{"line":73,"column":29}},"28":{"start":{"line":75,"column":4},"end":{"line":75,"column":16}},"29":{"start":{"line":78,"column":2},"end":{"line":80,"column":9}},"30":{"start":{"line":79,"column":4},"end":{"line":79,"column":37}},"31":{"start":{"line":82,"column":2},"end":{"line":86,"column":27}},"32":{"start":{"line":83,"column":4},"end":{"line":85,"column":5}},"33":{"start":{"line":84,"column":6},"end":{"line":84,"column":45}},"34":{"start":{"line":88,"column":35},"end":{"line":93,"column":3}},"35":{"start":{"line":89,"column":4},"end":{"line":89,"column":24}},"36":{"start":{"line":90,"column":4},"end":{"line":90,"column":32}},"37":{"start":{"line":91,"column":4},"end":{"line":91,"column":24}},"38":{"start":{"line":92,"column":4},"end":{"line":92,"column":25}},"39":{"start":{"line":95,"column":16},"end":{"line":100,"column":3}},"40":{"start":{"line":96,"column":4},"end":{"line":96,"column":24}},"41":{"start":{"line":97,"column":4},"end":{"line":97,"column":30}},"42":{"start":{"line":98,"column":4},"end":{"line":98,"column":21}},"43":{"start":{"line":99,"column":4},"end":{"line":99,"column":23}},"44":{"start":{"line":102,"column":2},"end":{"line":121,"column":4}}},"fnMap":{"0":{"name":"FormPage","decl":{"start":{"line":11,"column":9},"end":{"line":11,"column":17}},"loc":{"start":{"line":11,"column":20},"end":{"line":122,"column":1}},"line":11},"1":{"name":"(anonymous_1)","decl":{"start":{"line":31,"column":29},"end":{"line":31,"column":30}},"loc":{"start":{"line":31,"column":35},"end":{"line":48,"column":3}},"line":31},"2":{"name":"(anonymous_2)","decl":{"start":{"line":34,"column":12},"end":{"line":34,"column":13}},"loc":{"start":{"line":34,"column":26},"end":{"line":40,"column":7}},"line":34},"3":{"name":"(anonymous_3)","decl":{"start":{"line":41,"column":13},"end":{"line":41,"column":14}},"loc":{"start":{"line":41,"column":24},"end":{"line":43,"column":7}},"line":41},"4":{"name":"(anonymous_4)","decl":{"start":{"line":44,"column":15},"end":{"line":44,"column":16}},"loc":{"start":{"line":44,"column":21},"end":{"line":46,"column":7}},"line":44},"5":{"name":"(anonymous_5)","decl":{"start":{"line":50,"column":29},"end":{"line":50,"column":30}},"loc":{"start":{"line":50,"column":35},"end":{"line":76,"column":3}},"line":50},"6":{"name":"(anonymous_6)","decl":{"start":{"line":59,"column":12},"end":{"line":59,"column":13}},"loc":{"start":{"line":59,"column":26},"end":{"line":68,"column":7}},"line":59},"7":{"name":"(anonymous_7)","decl":{"start":{"line":60,"column":47},"end":{"line":60,"column":48}},"loc":{"start":{"line":60,"column":68},"end":{"line":62,"column":9}},"line":60},"8":{"name":"(anonymous_8)","decl":{"start":{"line":69,"column":13},"end":{"line":69,"column":14}},"loc":{"start":{"line":69,"column":24},"end":{"line":71,"column":7}},"line":69},"9":{"name":"(anonymous_9)","decl":{"start":{"line":72,"column":15},"end":{"line":72,"column":16}},"loc":{"start":{"line":72,"column":21},"end":{"line":74,"column":7}},"line":72},"10":{"name":"(anonymous_10)","decl":{"start":{"line":78,"column":12},"end":{"line":78,"column":13}},"loc":{"start":{"line":78,"column":18},"end":{"line":80,"column":3}},"line":78},"11":{"name":"(anonymous_11)","decl":{"start":{"line":82,"column":12},"end":{"line":82,"column":13}},"loc":{"start":{"line":82,"column":18},"end":{"line":86,"column":3}},"line":82},"12":{"name":"(anonymous_12)","decl":{"start":{"line":88,"column":35},"end":{"line":88,"column":36}},"loc":{"start":{"line":88,"column":51},"end":{"line":93,"column":3}},"line":88},"13":{"name":"(anonymous_13)","decl":{"start":{"line":95,"column":16},"end":{"line":95,"column":17}},"loc":{"start":{"line":95,"column":22},"end":{"line":100,"column":3}},"line":95}},"branchMap":{"0":{"loc":{"start":{"line":23,"column":4},"end":{"line":25,"column":21}},"type":"cond-expr","locations":[{"start":{"line":24,"column":8},"end":{"line":24,"column":42}},{"start":{"line":25,"column":8},"end":{"line":25,"column":21}}],"line":23},"1":{"loc":{"start":{"line":23,"column":4},"end":{"line":23,"column":67}},"type":"binary-expr","locations":[{"start":{"line":23,"column":4},"end":{"line":23,"column":25}},{"start":{"line":23,"column":29},"end":{"line":23,"column":67}}],"line":23},"2":{"loc":{"start":{"line":27,"column":4},"end":{"line":29,"column":22}},"type":"cond-expr","locations":[{"start":{"line":28,"column":8},"end":{"line":28,"column":43}},{"start":{"line":29,"column":8},"end":{"line":29,"column":22}}],"line":27},"3":{"loc":{"start":{"line":27,"column":4},"end":{"line":27,"column":67}},"type":"binary-expr","locations":[{"start":{"line":27,"column":4},"end":{"line":27,"column":25}},{"start":{"line":27,"column":29},"end":{"line":27,"column":67}}],"line":27},"4":{"loc":{"start":{"line":63,"column":8},"end":{"line":65,"column":9}},"type":"if","locations":[{"start":{"line":63,"column":8},"end":{"line":65,"column":9}},{"start":{"line":63,"column":8},"end":{"line":65,"column":9}}],"line":63},"5":{"loc":{"start":{"line":83,"column":4},"end":{"line":85,"column":5}},"type":"if","locations":[{"start":{"line":83,"column":4},"end":{"line":85,"column":5}},{"start":{"line":83,"column":4},"end":{"line":85,"column":5}}],"line":83},"6":{"loc":{"start":{"line":104,"column":7},"end":{"line":104,"column":46}},"type":"binary-expr","locations":[{"start":{"line":104,"column":7},"end":{"line":104,"column":15}},{"start":{"line":104,"column":19},"end":{"line":104,"column":46}}],"line":104},"7":{"loc":{"start":{"line":105,"column":7},"end":{"line":118,"column":7}},"type":"cond-expr","locations":[{"start":{"line":106,"column":8},"end":{"line":110,"column":10}},{"start":{"line":112,"column":8},"end":{"line":117,"column":10}}],"line":105},"8":{"loc":{"start":{"line":119,"column":7},"end":{"line":119,"column":31}},"type":"binary-expr","locations":[{"start":{"line":119,"column":7},"end":{"line":119,"column":17}},{"start":{"line":119,"column":21},"end":{"line":119,"column":31}}],"line":119}},"s":{"0":1,"1":1,"2":1,"3":1,"4":1,"5":1,"6":1,"7":1,"8":1,"9":1,"10":1,"11":1,"12":0,"13":0,"14":0,"15":0,"16":0,"17":1,"18":1,"19":0,"20":0,"21":0,"22":0,"23":0,"24":0,"25":0,"26":0,"27":0,"28":0,"29":1,"30":1,"31":1,"32":1,"33":0,"34":1,"35":0,"36":0,"37":0,"38":0,"39":1,"40":0,"41":0,"42":0,"43":0,"44":1},"f":{"0":1,"1":1,"2":0,"3":0,"4":0,"5":0,"6":0,"7":0,"8":0,"9":0,"10":1,"11":1,"12":0,"13":0},"b":{"0":[0,1],"1":[1,1],"2":[0,1],"3":[1,1],"4":[0,0],"5":[0,1],"6":[1,0],"7":[1,0],"8":[1,1]},"_coverageSchema":"1a1c01bbd47fc00a2c39e90264f33305004495a9","hash":"e553cdde14737f1837747312efe5dc28376cc3d5"}
,"/Users/clareblackburne/Desktop/ui-coding-challenge-master/client/src/utils/formatting.js": {"path":"/Users/clareblackburne/Desktop/ui-coding-challenge-master/client/src/utils/formatting.js","statementMap":{"0":{"start":{"line":3,"column":26},"end":{"line":6,"column":1}},"1":{"start":{"line":4,"column":19},"end":{"line":4,"column":34}},"2":{"start":{"line":5,"column":2},"end":{"line":5,"column":38}},"3":{"start":{"line":8,"column":29},"end":{"line":14,"column":1}},"4":{"start":{"line":9,"column":18},"end":{"line":9,"column":46}},"5":{"start":{"line":10,"column":2},"end":{"line":13,"column":4}},"6":{"start":{"line":12,"column":6},"end":{"line":12,"column":64}}},"fnMap":{"0":{"name":"(anonymous_0)","decl":{"start":{"line":3,"column":26},"end":{"line":3,"column":27}},"loc":{"start":{"line":3,"column":36},"end":{"line":6,"column":1}},"line":3},"1":{"name":"(anonymous_1)","decl":{"start":{"line":8,"column":29},"end":{"line":8,"column":30}},"loc":{"start":{"line":8,"column":73},"end":{"line":14,"column":1}},"line":8},"2":{"name":"(anonymous_2)","decl":{"start":{"line":11,"column":4},"end":{"line":11,"column":5}},"loc":{"start":{"line":12,"column":6},"end":{"line":12,"column":64}},"line":12}},"branchMap":{"0":{"loc":{"start":{"line":12,"column":6},"end":{"line":12,"column":64}},"type":"binary-expr","locations":[{"start":{"line":12,"column":6},"end":{"line":12,"column":35}},{"start":{"line":12,"column":39},"end":{"line":12,"column":64}}],"line":12}},"s":{"0":2,"1":1,"2":1,"3":2,"4":1,"5":1,"6":2},"f":{"0":1,"1":1,"2":2},"b":{"0":[2,2]},"_coverageSchema":"1a1c01bbd47fc00a2c39e90264f33305004495a9","hash":"224e56ce88e574ce6ac22d01197968e50ee14108"}
}
