TN:
SF:src/components/App.js
FN:21,App
FNF:1
FNH:1
FNDA:1,App
DA:7,1
DA:19,1
DA:22,1
LF:3
LH:3
BRF:0
BRH:0
end_of_record
TN:
SF:src/components/DataContext.js
FNF:0
FNH:0
DA:3,2
LF:1
LH:1
BRF:0
BRH:0
end_of_record
TN:
SF:src/components/Form.js
FN:9,Form
FN:15,(anonymous_1)
FN:26,(anonymous_2)
FN:31,(anonymous_3)
FN:39,(anonymous_4)
FN:50,(anonymous_5)
FN:51,(anonymous_6)
FNF:7
FNH:6
FNDA:6,Form
FNDA:0,(anonymous_1)
FNDA:2,(anonymous_2)
FNDA:1,(anonymous_3)
FNDA:1,(anonymous_4)
FNDA:6,(anonymous_5)
FNDA:12,(anonymous_6)
DA:7,2
DA:10,6
DA:11,6
DA:12,6
DA:13,6
DA:15,6
DA:16,0
DA:17,0
DA:18,0
DA:19,0
DA:21,0
DA:22,0
DA:23,0
DA:26,6
DA:27,2
DA:28,2
DA:29,2
DA:30,1
DA:31,1
DA:34,1
DA:36,2
DA:39,6
DA:40,1
DA:41,1
DA:42,1
DA:43,1
DA:44,1
DA:46,0
DA:47,0
DA:50,6
DA:51,6
DA:52,12
DA:80,6
DA:114,2
DA:118,2
LF:35
LH:26
BRDA:17,0,0,0
BRDA:17,0,1,0
BRDA:29,1,0,1
BRDA:29,1,1,1
BRDA:41,2,0,1
BRDA:41,2,1,0
BRDA:56,3,0,1
BRDA:56,3,1,11
BRDA:82,4,0,6
BRDA:82,4,1,1
BRF:10
BRH:7
end_of_record
TN:
SF:src/components/RateHistory.js
FN:7,RateHistory
FN:10,(anonymous_1)
FN:15,(anonymous_2)
FN:17,(anonymous_3)
FN:21,(anonymous_4)
FN:31,(anonymous_5)
FN:33,(anonymous_6)
FN:42,(anonymous_7)
FNF:8
FNH:0
FNDA:0,RateHistory
FNDA:0,(anonymous_1)
FNDA:0,(anonymous_2)
FNDA:0,(anonymous_3)
FNDA:0,(anonymous_4)
FNDA:0,(anonymous_5)
FNDA:0,(anonymous_6)
FNDA:0,(anonymous_7)
DA:8,0
DA:10,0
DA:11,0
DA:12,0
DA:15,0
DA:16,0
DA:17,0
DA:18,0
DA:22,0
DA:28,0
DA:31,0
DA:32,0
DA:33,0
DA:34,0
DA:39,0
DA:42,0
DA:43,0
DA:48,0
DA:75,1
DA:80,1
LF:20
LH:2
BRDA:16,0,0,0
BRDA:16,0,1,0
BRDA:32,1,0,0
BRDA:32,1,1,0
BRDA:66,2,0,0
BRDA:66,2,1,0
BRF:6
BRH:0
end_of_record
TN:
SF:src/components/layout/Error.js
FN:4,ErrorMsg
FNF:1
FNH:1
FNDA:1,ErrorMsg
DA:5,1
DA:16,2
LF:2
LH:2
BRF:0
BRH:0
end_of_record
TN:
SF:src/components/layout/Footer.js
FN:3,Footer
FNF:1
FNH:1
FNDA:1,Footer
DA:4,1
LF:1
LH:1
BRF:0
BRH:0
end_of_record
TN:
SF:src/components/layout/Header.js
FN:3,Header
FNF:1
FNH:1
FNDA:1,Header
DA:4,1
LF:1
LH:1
BRF:0
BRH:0
end_of_record
TN:
SF:src/components/layout/Loader.js
FN:4,Loader
FNF:1
FNH:1
FNDA:1,Loader
DA:5,1
LF:1
LH:1
BRF:0
BRH:0
end_of_record
TN:
SF:src/components/layout/Main.js
FN:4,Main
FNF:1
FNH:1
FNDA:1,Main
DA:5,1
DA:8,1
LF:2
LH:2
BRF:0
BRH:0
end_of_record
TN:
SF:src/components/pages/FormPage.js
FN:11,FormPage
FN:31,(anonymous_1)
FN:34,(anonymous_2)
FN:41,(anonymous_3)
FN:44,(anonymous_4)
FN:50,(anonymous_5)
FN:59,(anonymous_6)
FN:60,(anonymous_7)
FN:69,(anonymous_8)
FN:72,(anonymous_9)
FN:78,(anonymous_10)
FN:82,(anonymous_11)
FN:88,(anonymous_12)
FN:95,(anonymous_13)
FNF:14
FNH:4
FNDA:1,FormPage
FNDA:1,(anonymous_1)
FNDA:0,(anonymous_2)
FNDA:0,(anonymous_3)
FNDA:0,(anonymous_4)
FNDA:0,(anonymous_5)
FNDA:0,(anonymous_6)
FNDA:0,(anonymous_7)
FNDA:0,(anonymous_8)
FNDA:0,(anonymous_9)
FNDA:1,(anonymous_10)
FNDA:1,(anonymous_11)
FNDA:0,(anonymous_12)
FNDA:0,(anonymous_13)
DA:12,1
DA:13,1
DA:14,1
DA:15,1
DA:16,1
DA:17,1
DA:18,1
DA:20,1
DA:23,1
DA:27,1
DA:31,1
DA:32,1
DA:37,0
DA:38,0
DA:39,0
DA:42,0
DA:45,0
DA:47,1
DA:50,1
DA:51,0
DA:60,0
DA:61,0
DA:63,0
DA:64,0
DA:66,0
DA:67,0
DA:70,0
DA:73,0
DA:75,0
DA:78,1
DA:79,1
DA:82,1
DA:83,1
DA:84,0
DA:88,1
DA:89,0
DA:90,0
DA:91,0
DA:92,0
DA:95,1
DA:96,0
DA:97,0
DA:98,0
DA:99,0
DA:102,1
LF:45
LH:21
BRDA:23,0,0,0
BRDA:23,0,1,1
BRDA:23,1,0,1
BRDA:23,1,1,1
BRDA:27,2,0,0
BRDA:27,2,1,1
BRDA:27,3,0,1
BRDA:27,3,1,1
BRDA:63,4,0,0
BRDA:63,4,1,0
BRDA:83,5,0,0
BRDA:83,5,1,1
BRDA:104,6,0,1
BRDA:104,6,1,0
BRDA:105,7,0,1
BRDA:105,7,1,0
BRDA:119,8,0,1
BRDA:119,8,1,1
BRF:18
BRH:11
end_of_record
TN:
SF:src/utils/formatting.js
FN:3,(anonymous_0)
FN:8,(anonymous_1)
FN:11,(anonymous_2)
FNF:3
FNH:3
FNDA:1,(anonymous_0)
FNDA:1,(anonymous_1)
FNDA:2,(anonymous_2)
DA:3,2
DA:4,1
DA:5,1
DA:8,2
DA:9,1
DA:10,1
DA:12,2
LF:7
LH:7
BRDA:12,0,0,2
BRDA:12,0,1,2
BRF:2
BRH:2
end_of_record
